  nest_io.cpp
  error.c
  function.c
  hash.c
  iter.c
  lib_import.c
  llist.c
  map.c
  nodes.c
  obj.c
  obj_ops.c
  sequence.c
  simple_types.c
  str.c
  tokens.c
  var_table.c
     Creazione della libreria E:\C++\nest\nest_libs\nest_io\x64\Release\nest_io.lib e dell'oggetto E:\C++\nest\nest_libs\nest_io\x64\Release\nest_io.exp
  Generazione codice in corso...
  11 of 63 functions (17.5%) were compiled, the rest were copied from previous compilation.
    0 functions were new in current compilation
    3 functions had inline decision re-evaluated but remain unchanged
  Generazione codice terminata
  nest_io.vcxproj -> E:\C++\nest\nest_libs\nest_io\x64\Release\nest_io.dll
