e:\c++\nest\nest\x64\release\vc143.pdb
e:\c++\nest\nest\x64\release\var_table.obj
e:\c++\nest\nest\x64\release\tokens.obj
e:\c++\nest\nest\x64\release\parser.obj
e:\c++\nest\nest\x64\release\obj_ops.obj
e:\c++\nest\nest\x64\release\obj.obj
e:\c++\nest\nest\x64\release\nst_types.obj
e:\c++\nest\nest\x64\release\nodes.obj
e:\c++\nest\nest\x64\release\nest.obj
e:\c++\nest\nest\x64\release\map.obj
e:\c++\nest\nest\x64\release\llist.obj
e:\c++\nest\nest\x64\release\lexer.obj
e:\c++\nest\nest\x64\release\interpreter.obj
e:\c++\nest\nest\x64\release\hash.obj
e:\c++\nest\nest\x64\release\error.obj
e:\c++\nest\x64\release\nest.exe
e:\c++\nest\nest\x64\release\nest.ipdb
e:\c++\nest\x64\release\nest.pdb
e:\c++\nest\nest\x64\release\nest.iobj
e:\c++\nest\nest\x64\release\nest.tlog\cl.command.1.tlog
e:\c++\nest\nest\x64\release\nest.tlog\cl.read.1.tlog
e:\c++\nest\nest\x64\release\nest.tlog\cl.write.1.tlog
e:\c++\nest\nest\x64\release\nest.tlog\link.command.1.tlog
e:\c++\nest\nest\x64\release\nest.tlog\link.read.1.tlog
e:\c++\nest\nest\x64\release\nest.tlog\link.write.1.tlog
