e:\c++\nest\nest_libs\nest_fs\nest_fs\x64\release\vc143.pdb
e:\c++\nest\nest_libs\nest_fs\nest_fs\x64\release\nest_fs.obj
e:\c++\nest\nest_libs\nest_fs\nest_fs\x64\release\dllmain.obj
e:\c++\nest\nest_libs\nest_fs\nest_fs\x64\release\var_table.obj
e:\c++\nest\nest_libs\nest_fs\nest_fs\x64\release\tokens.obj
e:\c++\nest\nest_libs\nest_fs\nest_fs\x64\release\str.obj
e:\c++\nest\nest_libs\nest_fs\nest_fs\x64\release\simple_types.obj
e:\c++\nest\nest_libs\nest_fs\nest_fs\x64\release\sequence.obj
e:\c++\nest\nest_libs\nest_fs\nest_fs\x64\release\obj_ops.obj
e:\c++\nest\nest_libs\nest_fs\nest_fs\x64\release\obj.obj
e:\c++\nest\nest_libs\nest_fs\nest_fs\x64\release\nodes.obj
e:\c++\nest\nest_libs\nest_fs\nest_fs\x64\release\map.obj
e:\c++\nest\nest_libs\nest_fs\nest_fs\x64\release\llist.obj
e:\c++\nest\nest_libs\nest_fs\nest_fs\x64\release\lib_import.obj
e:\c++\nest\nest_libs\nest_fs\nest_fs\x64\release\iter.obj
e:\c++\nest\nest_libs\nest_fs\nest_fs\x64\release\hash.obj
e:\c++\nest\nest_libs\nest_fs\nest_fs\x64\release\function.obj
e:\c++\nest\nest_libs\nest_fs\nest_fs\x64\release\error.obj
e:\c++\nest\nest_libs\nest_fs\x64\release\nest_fs.dll
e:\c++\nest\nest_libs\nest_fs\nest_fs\x64\release\nest_fs.ipdb
e:\c++\nest\nest_libs\nest_fs\x64\release\nest_fs.pdb
e:\c++\nest\nest_libs\nest_fs\nest_fs\x64\release\nest_fs.iobj
e:\c++\nest\nest_libs\nest_fs\x64\release\nest_fs.lib
e:\c++\nest\nest_libs\nest_fs\x64\release\nest_fs.exp
e:\c++\nest\nest_libs\nest_fs\nest_fs\x64\release\nest_fs.tlog\cl.command.1.tlog
e:\c++\nest\nest_libs\nest_fs\nest_fs\x64\release\nest_fs.tlog\cl.read.1.tlog
e:\c++\nest\nest_libs\nest_fs\nest_fs\x64\release\nest_fs.tlog\cl.write.1.tlog
e:\c++\nest\nest_libs\nest_fs\nest_fs\x64\release\nest_fs.tlog\link.command.1.tlog
e:\c++\nest\nest_libs\nest_fs\nest_fs\x64\release\nest_fs.tlog\link.read.1.tlog
e:\c++\nest\nest_libs\nest_fs\nest_fs\x64\release\nest_fs.tlog\link.write.1.tlog
e:\c++\nest\nest_libs\nest_fs\nest_fs\x64\release\nest_fs.tlog\nest_fs.write.1u.tlog
