  nest_fs.cpp
  error.c
  function.c
  hash.c
  iter.c
  lib_import.c
  llist.c
  map.c
  nodes.c
  obj.c
  obj_ops.c
  sequence.c
  simple_types.c
  str.c
  tokens.c
  var_table.c
     Creazione della libreria E:\C++\nest\nest_libs\nest_fs\x64\Release\nest_fs.lib e dell'oggetto E:\C++\nest\nest_libs\nest_fs\x64\Release\nest_fs.exp
  Generazione codice in corso...
  6 of 34 functions (17.6%) were compiled, the rest were copied from previous compilation.
    0 functions were new in current compilation
    1 functions had inline decision re-evaluated but remain unchanged
  Generazione codice terminata
  nest_fs.vcxproj -> E:\C++\nest\nest_libs\nest_fs\x64\Release\nest_fs.dll
