e:\c++\nest\nest_libs\nest_sutil\nest_string\x64\release\vc143.pdb
e:\c++\nest\nest_libs\nest_sutil\nest_string\x64\release\nest_sutil.obj
e:\c++\nest\nest_libs\nest_sutil\nest_string\x64\release\dllmain.obj
e:\c++\nest\nest_libs\nest_sutil\nest_string\x64\release\var_table.obj
e:\c++\nest\nest_libs\nest_sutil\nest_string\x64\release\tokens.obj
e:\c++\nest\nest_libs\nest_sutil\nest_string\x64\release\str.obj
e:\c++\nest\nest_libs\nest_sutil\nest_string\x64\release\simple_types.obj
e:\c++\nest\nest_libs\nest_sutil\nest_string\x64\release\sequence.obj
e:\c++\nest\nest_libs\nest_sutil\nest_string\x64\release\obj_ops.obj
e:\c++\nest\nest_libs\nest_sutil\nest_string\x64\release\obj.obj
e:\c++\nest\nest_libs\nest_sutil\nest_string\x64\release\nodes.obj
e:\c++\nest\nest_libs\nest_sutil\nest_string\x64\release\map.obj
e:\c++\nest\nest_libs\nest_sutil\nest_string\x64\release\llist.obj
e:\c++\nest\nest_libs\nest_sutil\nest_string\x64\release\lib_import.obj
e:\c++\nest\nest_libs\nest_sutil\nest_string\x64\release\iter.obj
e:\c++\nest\nest_libs\nest_sutil\nest_string\x64\release\hash.obj
e:\c++\nest\nest_libs\nest_sutil\nest_string\x64\release\function.obj
e:\c++\nest\nest_libs\nest_sutil\nest_string\x64\release\error.obj
e:\c++\nest\nest_libs\nest_sutil\x64\release\nest_sutil.dll
e:\c++\nest\nest_libs\nest_sutil\nest_string\x64\release\nest_sutil.ipdb
e:\c++\nest\nest_libs\nest_sutil\x64\release\nest_sutil.pdb
e:\c++\nest\nest_libs\nest_sutil\nest_string\x64\release\nest_sutil.iobj
e:\c++\nest\nest_libs\nest_sutil\x64\release\nest_sutil.lib
e:\c++\nest\nest_libs\nest_sutil\x64\release\nest_sutil.exp
e:\c++\nest\nest_libs\nest_sutil\nest_string\x64\release\nest_sutil.tlog\cl.command.1.tlog
e:\c++\nest\nest_libs\nest_sutil\nest_string\x64\release\nest_sutil.tlog\cl.read.1.tlog
e:\c++\nest\nest_libs\nest_sutil\nest_string\x64\release\nest_sutil.tlog\cl.write.1.tlog
e:\c++\nest\nest_libs\nest_sutil\nest_string\x64\release\nest_sutil.tlog\link.command.1.tlog
e:\c++\nest\nest_libs\nest_sutil\nest_string\x64\release\nest_sutil.tlog\link.read.1.tlog
e:\c++\nest\nest_libs\nest_sutil\nest_string\x64\release\nest_sutil.tlog\link.write.1.tlog
e:\c++\nest\nest_libs\nest_sutil\nest_string\x64\release\nest_sutil.tlog\nest_sutil.write.1u.tlog
