e:\c++\nest\nest\release\vc143.pdb
e:\c++\nest\nest\release\sequence.obj
e:\c++\nest\nest\release\var_table.obj
e:\c++\nest\nest\release\tokens.obj
e:\c++\nest\nest\release\parser.obj
e:\c++\nest\nest\release\obj_ops.obj
e:\c++\nest\nest\release\obj.obj
e:\c++\nest\nest\release\nst_types.obj
e:\c++\nest\nest\release\nodes.obj
e:\c++\nest\nest\release\nest.obj
e:\c++\nest\nest\release\map.obj
e:\c++\nest\nest\release\llist.obj
e:\c++\nest\nest\release\lexer.obj
e:\c++\nest\nest\release\interpreter.obj
e:\c++\nest\nest\release\hash.obj
e:\c++\nest\nest\release\error.obj
e:\c++\nest\nest\release\iter.obj
e:\c++\nest\release\nest.exe
e:\c++\nest\nest\release\nest.ipdb
e:\c++\nest\nest\release\nest.iobj
e:\c++\nest\release\nest.pdb
e:\c++\nest\nest\release\nest.tlog\cl.command.1.tlog
e:\c++\nest\nest\release\nest.tlog\cl.read.1.tlog
e:\c++\nest\nest\release\nest.tlog\cl.write.1.tlog
e:\c++\nest\nest\release\nest.tlog\link.command.1.tlog
e:\c++\nest\nest\release\nest.tlog\link.read.1.tlog
e:\c++\nest\nest\release\nest.tlog\link.write.1.tlog
