  dllmain.cpp
  nest_sutil.cpp
  Generazione del codice in corso...
  error.c
  function.c
  hash.c
  iter.c
  lib_import.c
  llist.c
  map.c
  nodes.c
  obj.c
  obj_ops.c
  sequence.c
  simple_types.c
  str.c
  tokens.c
  var_table.c
  Generazione del codice in corso...
     Creazione della libreria E:\C++\nest\nest_libs\nest_sutil\x64\Debug\nest_sutil.lib e dell'oggetto E:\C++\nest\nest_libs\nest_sutil\x64\Debug\nest_sutil.exp
  nest_string.vcxproj -> E:\C++\nest\nest_libs\nest_sutil\x64\Debug\nest_sutil.dll
