e:\c++\nest\nest_libs\nest_string\nest_string\x64\release\vc143.pdb
e:\c++\nest\nest_libs\nest_string\nest_string\x64\release\nest_string.obj
e:\c++\nest\nest_libs\nest_string\nest_string\x64\release\dllmain.obj
e:\c++\nest\nest_libs\nest_string\nest_string\x64\release\var_table.obj
e:\c++\nest\nest_libs\nest_string\nest_string\x64\release\tokens.obj
e:\c++\nest\nest_libs\nest_string\nest_string\x64\release\str.obj
e:\c++\nest\nest_libs\nest_string\nest_string\x64\release\simple_types.obj
e:\c++\nest\nest_libs\nest_string\nest_string\x64\release\sequence.obj
e:\c++\nest\nest_libs\nest_string\nest_string\x64\release\obj_ops.obj
e:\c++\nest\nest_libs\nest_string\nest_string\x64\release\obj.obj
e:\c++\nest\nest_libs\nest_string\nest_string\x64\release\nodes.obj
e:\c++\nest\nest_libs\nest_string\nest_string\x64\release\map.obj
e:\c++\nest\nest_libs\nest_string\nest_string\x64\release\llist.obj
e:\c++\nest\nest_libs\nest_string\nest_string\x64\release\lib_import.obj
e:\c++\nest\nest_libs\nest_string\nest_string\x64\release\iter.obj
e:\c++\nest\nest_libs\nest_string\nest_string\x64\release\hash.obj
e:\c++\nest\nest_libs\nest_string\nest_string\x64\release\function.obj
e:\c++\nest\nest_libs\nest_string\nest_string\x64\release\error.obj
e:\c++\nest\nest_libs\nest_string\x64\release\nest_string.dll
e:\c++\nest\nest_libs\nest_string\nest_string\x64\release\nest_string.ipdb
e:\c++\nest\nest_libs\nest_string\x64\release\nest_string.pdb
e:\c++\nest\nest_libs\nest_string\nest_string\x64\release\nest_string.iobj
e:\c++\nest\nest_libs\nest_string\x64\release\nest_string.lib
e:\c++\nest\nest_libs\nest_string\x64\release\nest_string.exp
e:\c++\nest\nest_libs\nest_string\nest_string\x64\release\nest_string.tlog\cl.command.1.tlog
e:\c++\nest\nest_libs\nest_string\nest_string\x64\release\nest_string.tlog\cl.read.1.tlog
e:\c++\nest\nest_libs\nest_string\nest_string\x64\release\nest_string.tlog\cl.write.1.tlog
e:\c++\nest\nest_libs\nest_string\nest_string\x64\release\nest_string.tlog\link.command.1.tlog
e:\c++\nest\nest_libs\nest_string\nest_string\x64\release\nest_string.tlog\link.read.1.tlog
e:\c++\nest\nest_libs\nest_string\nest_string\x64\release\nest_string.tlog\link.write.1.tlog
e:\c++\nest\nest_libs\nest_string\nest_string\x64\release\nest_string.tlog\nest_string.write.1u.tlog
