e:\c++\nest\nest_libs\nest_io\nest_io\x64\debug\vc143.pdb
e:\c++\nest\nest_libs\nest_io\nest_io\x64\debug\vc143.idb
e:\c++\nest\nest_libs\nest_io\nest_io\x64\debug\nest_io.obj
e:\c++\nest\nest_libs\nest_io\nest_io\x64\debug\dllmain.obj
e:\c++\nest\nest_libs\nest_io\nest_io\x64\debug\var_table.obj
e:\c++\nest\nest_libs\nest_io\nest_io\x64\debug\tokens.obj
e:\c++\nest\nest_libs\nest_io\nest_io\x64\debug\str.obj
e:\c++\nest\nest_libs\nest_io\nest_io\x64\debug\simple_types.obj
e:\c++\nest\nest_libs\nest_io\nest_io\x64\debug\sequence.obj
e:\c++\nest\nest_libs\nest_io\nest_io\x64\debug\obj_ops.obj
e:\c++\nest\nest_libs\nest_io\nest_io\x64\debug\obj.obj
e:\c++\nest\nest_libs\nest_io\nest_io\x64\debug\nodes.obj
e:\c++\nest\nest_libs\nest_io\nest_io\x64\debug\map.obj
e:\c++\nest\nest_libs\nest_io\nest_io\x64\debug\llist.obj
e:\c++\nest\nest_libs\nest_io\nest_io\x64\debug\lib_import.obj
e:\c++\nest\nest_libs\nest_io\nest_io\x64\debug\iter.obj
e:\c++\nest\nest_libs\nest_io\nest_io\x64\debug\hash.obj
e:\c++\nest\nest_libs\nest_io\nest_io\x64\debug\function.obj
e:\c++\nest\nest_libs\nest_io\nest_io\x64\debug\error.obj
e:\c++\nest\nest_libs\nest_io\nest_io\x64\debug\nest_io.ilk
e:\c++\nest\nest_libs\nest_io\x64\debug\nest_io.dll
e:\c++\nest\nest_libs\nest_io\x64\debug\nest_io.pdb
e:\c++\nest\nest_libs\nest_io\x64\debug\nest_io.lib
e:\c++\nest\nest_libs\nest_io\x64\debug\nest_io.exp
e:\c++\nest\nest_libs\nest_io\nest_io\x64\debug\nest_io.tlog\cl.command.1.tlog
e:\c++\nest\nest_libs\nest_io\nest_io\x64\debug\nest_io.tlog\cl.read.1.tlog
e:\c++\nest\nest_libs\nest_io\nest_io\x64\debug\nest_io.tlog\cl.write.1.tlog
e:\c++\nest\nest_libs\nest_io\nest_io\x64\debug\nest_io.tlog\link.command.1.tlog
e:\c++\nest\nest_libs\nest_io\nest_io\x64\debug\nest_io.tlog\link.read.1.tlog
e:\c++\nest\nest_libs\nest_io\nest_io\x64\debug\nest_io.tlog\link.write.1.tlog
e:\c++\nest\nest_libs\nest_io\nest_io\x64\debug\nest_io.tlog\nest_io.write.1u.tlog
