e:\c++\nest\nest_libs\nest_time\nest_time\x64\release\vc143.pdb
e:\c++\nest\nest_libs\nest_time\nest_time\x64\release\nest_time.obj
e:\c++\nest\nest_libs\nest_time\nest_time\x64\release\dllmain.obj
e:\c++\nest\nest_libs\nest_time\nest_time\x64\release\var_table.obj
e:\c++\nest\nest_libs\nest_time\nest_time\x64\release\tokens.obj
e:\c++\nest\nest_libs\nest_time\nest_time\x64\release\str.obj
e:\c++\nest\nest_libs\nest_time\nest_time\x64\release\simple_types.obj
e:\c++\nest\nest_libs\nest_time\nest_time\x64\release\sequence.obj
e:\c++\nest\nest_libs\nest_time\nest_time\x64\release\obj_ops.obj
e:\c++\nest\nest_libs\nest_time\nest_time\x64\release\obj.obj
e:\c++\nest\nest_libs\nest_time\nest_time\x64\release\nodes.obj
e:\c++\nest\nest_libs\nest_time\nest_time\x64\release\map.obj
e:\c++\nest\nest_libs\nest_time\nest_time\x64\release\llist.obj
e:\c++\nest\nest_libs\nest_time\nest_time\x64\release\lib_import.obj
e:\c++\nest\nest_libs\nest_time\nest_time\x64\release\iter.obj
e:\c++\nest\nest_libs\nest_time\nest_time\x64\release\hash.obj
e:\c++\nest\nest_libs\nest_time\nest_time\x64\release\function.obj
e:\c++\nest\nest_libs\nest_time\nest_time\x64\release\error.obj
e:\c++\nest\nest_libs\nest_time\x64\release\nest_time.dll
e:\c++\nest\nest_libs\nest_time\nest_time\x64\release\nest_time.ipdb
e:\c++\nest\nest_libs\nest_time\x64\release\nest_time.pdb
e:\c++\nest\nest_libs\nest_time\nest_time\x64\release\nest_time.iobj
e:\c++\nest\nest_libs\nest_time\x64\release\nest_time.lib
e:\c++\nest\nest_libs\nest_time\x64\release\nest_time.exp
e:\c++\nest\nest_libs\nest_time\nest_time\x64\release\nest_time.tlog\cl.command.1.tlog
e:\c++\nest\nest_libs\nest_time\nest_time\x64\release\nest_time.tlog\cl.read.1.tlog
e:\c++\nest\nest_libs\nest_time\nest_time\x64\release\nest_time.tlog\cl.write.1.tlog
e:\c++\nest\nest_libs\nest_time\nest_time\x64\release\nest_time.tlog\link.command.1.tlog
e:\c++\nest\nest_libs\nest_time\nest_time\x64\release\nest_time.tlog\link.read.1.tlog
e:\c++\nest\nest_libs\nest_time\nest_time\x64\release\nest_time.tlog\link.write.1.tlog
e:\c++\nest\nest_libs\nest_time\nest_time\x64\release\nest_time.tlog\nest_time.write.1u.tlog
