e:\c++\nest\nest\x64\debug\vc143.pdb
e:\c++\nest\nest\x64\debug\vc143.idb
e:\c++\nest\nest\x64\debug\sequence.obj
e:\c++\nest\nest\x64\debug\var_table.obj
e:\c++\nest\nest\x64\debug\tokens.obj
e:\c++\nest\nest\x64\debug\simple_types.obj
e:\c++\nest\nest\x64\debug\str.obj
e:\c++\nest\nest\x64\debug\parser.obj
e:\c++\nest\nest\x64\debug\obj_ops.obj
e:\c++\nest\nest\x64\debug\obj.obj
e:\c++\nest\nest\x64\debug\nodes.obj
e:\c++\nest\nest\x64\debug\nest.obj
e:\c++\nest\nest\x64\debug\map.obj
e:\c++\nest\nest\x64\debug\llist.obj
e:\c++\nest\nest\x64\debug\lexer.obj
e:\c++\nest\nest\x64\debug\iter.obj
e:\c++\nest\nest\x64\debug\interpreter.obj
e:\c++\nest\nest\x64\debug\hash.obj
e:\c++\nest\nest\x64\debug\function.obj
e:\c++\nest\nest\x64\debug\error.obj
e:\c++\nest\x64\debug\nest.exe
e:\c++\nest\nest\x64\debug\nest.ilk
e:\c++\nest\x64\debug\nest.pdb
e:\c++\nest\nest\x64\debug\interpreter.obj.enc
e:\c++\nest\nest\x64\debug\nest.tlog\cl.command.1.tlog
e:\c++\nest\nest\x64\debug\nest.tlog\cl.read.1.tlog
e:\c++\nest\nest\x64\debug\nest.tlog\cl.write.1.tlog
e:\c++\nest\nest\x64\debug\nest.tlog\link.command.1.tlog
e:\c++\nest\nest\x64\debug\nest.tlog\link.read.1.tlog
e:\c++\nest\nest\x64\debug\nest.tlog\link.write.1.tlog
