e:\c++\nest\nest_libs\nest_rand\nest_rand\x64\debug\vc143.pdb
e:\c++\nest\nest_libs\nest_rand\nest_rand\x64\debug\vc143.idb
e:\c++\nest\nest_libs\nest_rand\nest_rand\x64\debug\nest_rand.obj
e:\c++\nest\nest_libs\nest_rand\nest_rand\x64\debug\dllmain.obj
e:\c++\nest\nest_libs\nest_rand\nest_rand\x64\debug\var_table.obj
e:\c++\nest\nest_libs\nest_rand\nest_rand\x64\debug\tokens.obj
e:\c++\nest\nest_libs\nest_rand\nest_rand\x64\debug\str.obj
e:\c++\nest\nest_libs\nest_rand\nest_rand\x64\debug\simple_types.obj
e:\c++\nest\nest_libs\nest_rand\nest_rand\x64\debug\sequence.obj
e:\c++\nest\nest_libs\nest_rand\nest_rand\x64\debug\obj_ops.obj
e:\c++\nest\nest_libs\nest_rand\nest_rand\x64\debug\obj.obj
e:\c++\nest\nest_libs\nest_rand\nest_rand\x64\debug\nodes.obj
e:\c++\nest\nest_libs\nest_rand\nest_rand\x64\debug\map.obj
e:\c++\nest\nest_libs\nest_rand\nest_rand\x64\debug\llist.obj
e:\c++\nest\nest_libs\nest_rand\nest_rand\x64\debug\lib_import.obj
e:\c++\nest\nest_libs\nest_rand\nest_rand\x64\debug\iter.obj
e:\c++\nest\nest_libs\nest_rand\nest_rand\x64\debug\hash.obj
e:\c++\nest\nest_libs\nest_rand\nest_rand\x64\debug\function.obj
e:\c++\nest\nest_libs\nest_rand\nest_rand\x64\debug\error.obj
e:\c++\nest\nest_libs\nest_rand\nest_rand\x64\debug\nest_rand.ilk
e:\c++\nest\nest_libs\nest_rand\x64\debug\nest_rand.dll
e:\c++\nest\nest_libs\nest_rand\x64\debug\nest_rand.pdb
e:\c++\nest\nest_libs\nest_rand\x64\debug\nest_rand.lib
e:\c++\nest\nest_libs\nest_rand\x64\debug\nest_rand.exp
e:\c++\nest\nest_libs\nest_rand\nest_rand\x64\debug\nest_rand.tlog\cl.command.1.tlog
e:\c++\nest\nest_libs\nest_rand\nest_rand\x64\debug\nest_rand.tlog\cl.read.1.tlog
e:\c++\nest\nest_libs\nest_rand\nest_rand\x64\debug\nest_rand.tlog\cl.write.1.tlog
e:\c++\nest\nest_libs\nest_rand\nest_rand\x64\debug\nest_rand.tlog\link.command.1.tlog
e:\c++\nest\nest_libs\nest_rand\nest_rand\x64\debug\nest_rand.tlog\link.read.1.tlog
e:\c++\nest\nest_libs\nest_rand\nest_rand\x64\debug\nest_rand.tlog\link.write.1.tlog
e:\c++\nest\nest_libs\nest_rand\nest_rand\x64\debug\nest_rand.tlog\nest_rand.write.1u.tlog
