e:\c++\nest\nest\debug\vc143.pdb
e:\c++\nest\nest\debug\vc143.idb
e:\c++\nest\nest\debug\sequence.obj
e:\c++\nest\nest\debug\var_table.obj
e:\c++\nest\nest\debug\tokens.obj
e:\c++\nest\nest\debug\parser.obj
e:\c++\nest\nest\debug\obj_ops.obj
e:\c++\nest\nest\debug\obj.obj
e:\c++\nest\nest\debug\nst_types.obj
e:\c++\nest\nest\debug\nodes.obj
e:\c++\nest\nest\debug\nest.obj
e:\c++\nest\nest\debug\map.obj
e:\c++\nest\nest\debug\llist.obj
e:\c++\nest\nest\debug\lexer.obj
e:\c++\nest\nest\debug\iter.obj
e:\c++\nest\nest\debug\interpreter.obj
e:\c++\nest\nest\debug\hash.obj
e:\c++\nest\nest\debug\error.obj
e:\c++\nest\debug\nest.exe
e:\c++\nest\nest\debug\nest.ilk
e:\c++\nest\debug\nest.pdb
e:\c++\nest\nest\debug\nest.tlog\cl.command.1.tlog
e:\c++\nest\nest\debug\nest.tlog\cl.read.1.tlog
e:\c++\nest\nest\debug\nest.tlog\cl.write.1.tlog
e:\c++\nest\nest\debug\nest.tlog\link.command.1.tlog
e:\c++\nest\nest\debug\nest.tlog\link.read.1.tlog
e:\c++\nest\nest\debug\nest.tlog\link.write.1.tlog
